{
  "C:\\Users\\Mauricio_Alcalde\\Desktop\\Designli-Challenge\\apps\\mobile\\src\\application\\alerts.store.ts": {
    "path": "C:\\Users\\Mauricio_Alcalde\\Desktop\\Designli-Challenge\\apps\\mobile\\src\\application\\alerts.store.ts",
    "statementMap": {
      "0": { "start": { "line": 31, "column": 26 }, "end": { "line": 35, "column": 3 } },
      "1": { "start": { "line": 32, "column": 29 }, "end": { "line": 32, "column": 48 } },
      "2": { "start": { "line": 33, "column": 4 }, "end": { "line": 33, "column": 32 } },
      "3": { "start": { "line": 34, "column": 4 }, "end": { "line": 34, "column": 28 } },
      "4": { "start": { "line": 37, "column": 22 }, "end": { "line": 45, "column": 3 } },
      "5": { "start": { "line": 38, "column": 26 }, "end": { "line": 38, "column": 77 } },
      "6": { "start": { "line": 38, "column": 52 }, "end": { "line": 38, "column": 76 } },
      "7": { "start": { "line": 40, "column": 4 }, "end": { "line": 42, "column": 5 } },
      "8": { "start": { "line": 41, "column": 6 }, "end": { "line": 41, "column": 35 } },
      "9": { "start": { "line": 44, "column": 4 }, "end": { "line": 44, "column": 78 } },
      "10": { "start": { "line": 44, "column": 32 }, "end": { "line": 44, "column": 75 } },
      "11": { "start": { "line": 47, "column": 27 }, "end": { "line": 51, "column": 4 } },
      "12": { "start": { "line": 47, "column": 73 }, "end": { "line": 51, "column": 3 } },
      "13": { "start": { "line": 53, "column": 2 }, "end": { "line": 134, "column": 6 } },
      "14": { "start": { "line": 53, "column": 46 }, "end": { "line": 134, "column": 3 } },
      "15": { "start": { "line": 63, "column": 6 }, "end": { "line": 63, "column": 44 } },
      "16": { "start": { "line": 65, "column": 6 }, "end": { "line": 71, "column": 7 } },
      "17": { "start": { "line": 66, "column": 22 }, "end": { "line": 66, "column": 45 } },
      "18": { "start": { "line": 67, "column": 8 }, "end": { "line": 67, "column": 54 } },
      "19": { "start": { "line": 69, "column": 26 }, "end": { "line": 69, "column": 60 } },
      "20": { "start": { "line": 70, "column": 8 }, "end": { "line": 70, "column": 71 } },
      "21": { "start": { "line": 75, "column": 6 }, "end": { "line": 77, "column": 7 } },
      "22": { "start": { "line": 76, "column": 8 }, "end": { "line": 76, "column": 21 } },
      "23": { "start": { "line": 79, "column": 6 }, "end": { "line": 79, "column": 53 } },
      "24": { "start": { "line": 81, "column": 6 }, "end": { "line": 100, "column": 7 } },
      "25": { "start": { "line": 82, "column": 29 }, "end": { "line": 82, "column": 101 } },
      "26": { "start": { "line": 84, "column": 8 }, "end": { "line": 88, "column": 12 } },
      "27": { "start": { "line": 84, "column": 24 }, "end": { "line": 88, "column": 9 } },
      "28": { "start": { "line": 90, "column": 8 }, "end": { "line": 90, "column": 20 } },
      "29": { "start": { "line": 92, "column": 28 }, "end": { "line": 92, "column": 64 } },
      "30": { "start": { "line": 94, "column": 8 }, "end": { "line": 97, "column": 11 } },
      "31": { "start": { "line": 99, "column": 8 }, "end": { "line": 99, "column": 21 } },
      "32": { "start": { "line": 104, "column": 6 }, "end": { "line": 106, "column": 7 } },
      "33": { "start": { "line": 105, "column": 8 }, "end": { "line": 105, "column": 15 } },
      "34": { "start": { "line": 108, "column": 6 }, "end": { "line": 111, "column": 10 } },
      "35": { "start": { "line": 108, "column": 22 }, "end": { "line": 111, "column": 7 } },
      "36": { "start": { "line": 113, "column": 6 }, "end": { "line": 132, "column": 7 } },
      "37": { "start": { "line": 114, "column": 8 }, "end": { "line": 114, "column": 36 } },
      "38": { "start": { "line": 115, "column": 8 }, "end": { "line": 121, "column": 11 } },
      "39": { "start": { "line": 116, "column": 10 }, "end": { "line": 120, "column": 12 } },
      "40": { "start": { "line": 117, "column": 48 }, "end": { "line": 117, "column": 62 } },
      "41": { "start": { "line": 118, "column": 61 }, "end": { "line": 118, "column": 73 } },
      "42": { "start": { "line": 123, "column": 28 }, "end": { "line": 123, "column": 64 } },
      "43": { "start": { "line": 125, "column": 8 }, "end": { "line": 131, "column": 12 } },
      "44": { "start": { "line": 125, "column": 24 }, "end": { "line": 131, "column": 9 } },
      "45": { "start": { "line": 126, "column": 59 }, "end": { "line": 126, "column": 71 } }
    },
    "fnMap": {
      "0": {
        "name": "createAlertsStore",
        "decl": { "start": { "line": 30, "column": 16 }, "end": { "line": 30, "column": 33 } },
        "loc": { "start": { "line": 30, "column": 64 }, "end": { "line": 135, "column": 1 } },
        "line": 30
      },
      "1": {
        "name": "(anonymous_1)",
        "decl": { "start": { "line": 31, "column": 26 }, "end": { "line": 31, "column": 27 } },
        "loc": { "start": { "line": 31, "column": 80 }, "end": { "line": 35, "column": 3 } },
        "line": 31
      },
      "2": {
        "name": "(anonymous_2)",
        "decl": { "start": { "line": 37, "column": 22 }, "end": { "line": 37, "column": 23 } },
        "loc": { "start": { "line": 37, "column": 76 }, "end": { "line": 45, "column": 3 } },
        "line": 37
      },
      "3": {
        "name": "(anonymous_3)",
        "decl": { "start": { "line": 38, "column": 42 }, "end": { "line": 38, "column": 43 } },
        "loc": { "start": { "line": 38, "column": 52 }, "end": { "line": 38, "column": 76 } },
        "line": 38
      },
      "4": {
        "name": "(anonymous_4)",
        "decl": { "start": { "line": 44, "column": 21 }, "end": { "line": 44, "column": 22 } },
        "loc": { "start": { "line": 44, "column": 32 }, "end": { "line": 44, "column": 75 } },
        "line": 44
      },
      "5": {
        "name": "(anonymous_5)",
        "decl": { "start": { "line": 47, "column": 27 }, "end": { "line": 47, "column": 28 } },
        "loc": { "start": { "line": 47, "column": 73 }, "end": { "line": 51, "column": 3 } },
        "line": 47
      },
      "6": {
        "name": "(anonymous_6)",
        "decl": { "start": { "line": 53, "column": 31 }, "end": { "line": 53, "column": 32 } },
        "loc": { "start": { "line": 53, "column": 46 }, "end": { "line": 134, "column": 3 } },
        "line": 53
      },
      "7": {
        "name": "(anonymous_7)",
        "decl": { "start": { "line": 62, "column": 10 }, "end": { "line": 62, "column": 11 } },
        "loc": { "start": { "line": 62, "column": 22 }, "end": { "line": 72, "column": 5 } },
        "line": 62
      },
      "8": {
        "name": "(anonymous_8)",
        "decl": { "start": { "line": 74, "column": 12 }, "end": { "line": 74, "column": 13 } },
        "loc": { "start": { "line": 74, "column": 47 }, "end": { "line": 101, "column": 5 } },
        "line": 74
      },
      "9": {
        "name": "(anonymous_9)",
        "decl": { "start": { "line": 84, "column": 12 }, "end": { "line": 84, "column": 13 } },
        "loc": { "start": { "line": 84, "column": 24 }, "end": { "line": 88, "column": 9 } },
        "line": 84
      },
      "10": {
        "name": "(anonymous_10)",
        "decl": { "start": { "line": 103, "column": 12 }, "end": { "line": 103, "column": 13 } },
        "loc": { "start": { "line": 103, "column": 34 }, "end": { "line": 133, "column": 5 } },
        "line": 103
      },
      "11": {
        "name": "(anonymous_11)",
        "decl": { "start": { "line": 108, "column": 10 }, "end": { "line": 108, "column": 11 } },
        "loc": { "start": { "line": 108, "column": 22 }, "end": { "line": 111, "column": 7 } },
        "line": 108
      },
      "12": {
        "name": "(anonymous_12)",
        "decl": { "start": { "line": 115, "column": 12 }, "end": { "line": 115, "column": 13 } },
        "loc": { "start": { "line": 115, "column": 23 }, "end": { "line": 121, "column": 9 } },
        "line": 115
      },
      "13": {
        "name": "(anonymous_13)",
        "decl": { "start": { "line": 117, "column": 38 }, "end": { "line": 117, "column": 39 } },
        "loc": { "start": { "line": 117, "column": 48 }, "end": { "line": 117, "column": 62 } },
        "line": 117
      },
      "14": {
        "name": "(anonymous_14)",
        "decl": { "start": { "line": 118, "column": 50 }, "end": { "line": 118, "column": 51 } },
        "loc": { "start": { "line": 118, "column": 61 }, "end": { "line": 118, "column": 73 } },
        "line": 118
      },
      "15": {
        "name": "(anonymous_15)",
        "decl": { "start": { "line": 125, "column": 12 }, "end": { "line": 125, "column": 13 } },
        "loc": { "start": { "line": 125, "column": 24 }, "end": { "line": 131, "column": 9 } },
        "line": 125
      },
      "16": {
        "name": "(anonymous_16)",
        "decl": { "start": { "line": 126, "column": 48 }, "end": { "line": 126, "column": 49 } },
        "loc": { "start": { "line": 126, "column": 59 }, "end": { "line": 126, "column": 71 } },
        "line": 126
      }
    },
    "branchMap": {
      "0": {
        "loc": { "start": { "line": 40, "column": 4 }, "end": { "line": 42, "column": 5 } },
        "type": "if",
        "locations": [
          { "start": { "line": 40, "column": 4 }, "end": { "line": 42, "column": 5 } },
          { "start": {}, "end": {} }
        ],
        "line": 40
      },
      "1": {
        "loc": { "start": { "line": 44, "column": 32 }, "end": { "line": 44, "column": 75 } },
        "type": "cond-expr",
        "locations": [
          { "start": { "line": 44, "column": 59 }, "end": { "line": 44, "column": 68 } },
          { "start": { "line": 44, "column": 71 }, "end": { "line": 44, "column": 75 } }
        ],
        "line": 44
      },
      "2": {
        "loc": { "start": { "line": 75, "column": 6 }, "end": { "line": 77, "column": 7 } },
        "type": "if",
        "locations": [
          { "start": { "line": 75, "column": 6 }, "end": { "line": 77, "column": 7 } },
          { "start": {}, "end": {} }
        ],
        "line": 75
      },
      "3": {
        "loc": { "start": { "line": 104, "column": 6 }, "end": { "line": 106, "column": 7 } },
        "type": "if",
        "locations": [
          { "start": { "line": 104, "column": 6 }, "end": { "line": 106, "column": 7 } },
          { "start": {}, "end": {} }
        ],
        "line": 104
      }
    },
    "s": {
      "0": 9,
      "1": 3,
      "2": 3,
      "3": 3,
      "4": 9,
      "5": 3,
      "6": 3,
      "7": 3,
      "8": 2,
      "9": 1,
      "10": 2,
      "11": 9,
      "12": 4,
      "13": 9,
      "14": 9,
      "15": 8,
      "16": 8,
      "17": 8,
      "18": 7,
      "19": 1,
      "20": 1,
      "21": 5,
      "22": 1,
      "23": 4,
      "24": 4,
      "25": 4,
      "26": 3,
      "27": 3,
      "28": 3,
      "29": 1,
      "30": 1,
      "31": 1,
      "32": 2,
      "33": 0,
      "34": 2,
      "35": 2,
      "36": 2,
      "37": 2,
      "38": 1,
      "39": 1,
      "40": 2,
      "41": 1,
      "42": 1,
      "43": 1,
      "44": 1,
      "45": 1
    },
    "f": {
      "0": 9,
      "1": 3,
      "2": 3,
      "3": 3,
      "4": 2,
      "5": 4,
      "6": 9,
      "7": 8,
      "8": 5,
      "9": 3,
      "10": 2,
      "11": 2,
      "12": 1,
      "13": 2,
      "14": 1,
      "15": 1,
      "16": 1
    },
    "b": { "0": [2, 1], "1": [1, 1], "2": [1, 4], "3": [0, 2] },
    "_coverageSchema": "1a1c01bbd47fc00a2c39e90264f33305004495a9",
    "hash": "2bab6a70da3d58ce6418f6343a0546a71e455cc4"
  },
  "C:\\Users\\Mauricio_Alcalde\\Desktop\\Designli-Challenge\\apps\\mobile\\src\\data\\alerts.api.ts": {
    "path": "C:\\Users\\Mauricio_Alcalde\\Desktop\\Designli-Challenge\\apps\\mobile\\src\\data\\alerts.api.ts",
    "statementMap": {
      "0": { "start": { "line": 12, "column": 4 }, "end": { "line": 12, "column": 12 } },
      "1": { "start": { "line": 16, "column": 4 }, "end": { "line": 21, "column": 5 } },
      "2": { "start": { "line": 17, "column": 23 }, "end": { "line": 17, "column": 72 } },
      "3": { "start": { "line": 18, "column": 6 }, "end": { "line": 18, "column": 18 } },
      "4": { "start": { "line": 20, "column": 6 }, "end": { "line": 20, "column": 47 } },
      "5": { "start": { "line": 25, "column": 4 }, "end": { "line": 34, "column": 5 } },
      "6": { "start": { "line": 26, "column": 23 }, "end": { "line": 30, "column": 8 } },
      "7": { "start": { "line": 31, "column": 6 }, "end": { "line": 31, "column": 18 } },
      "8": { "start": { "line": 33, "column": 6 }, "end": { "line": 33, "column": 49 } },
      "9": { "start": { "line": 38, "column": 4 }, "end": { "line": 42, "column": 5 } },
      "10": { "start": { "line": 39, "column": 6 }, "end": { "line": 39, "column": 48 } },
      "11": { "start": { "line": 41, "column": 6 }, "end": { "line": 41, "column": 49 } }
    },
    "fnMap": {
      "0": {
        "name": "(anonymous_0)",
        "decl": { "start": { "line": 11, "column": 2 }, "end": { "line": 11, "column": 3 } },
        "loc": { "start": { "line": 11, "column": 54 }, "end": { "line": 13, "column": 3 } },
        "line": 11
      },
      "1": {
        "name": "(anonymous_1)",
        "decl": { "start": { "line": 15, "column": 2 }, "end": { "line": 15, "column": 3 } },
        "loc": { "start": { "line": 15, "column": 41 }, "end": { "line": 22, "column": 3 } },
        "line": 15
      },
      "2": {
        "name": "(anonymous_2)",
        "decl": { "start": { "line": 24, "column": 2 }, "end": { "line": 24, "column": 3 } },
        "loc": { "start": { "line": 24, "column": 84 }, "end": { "line": 35, "column": 3 } },
        "line": 24
      },
      "3": {
        "name": "(anonymous_3)",
        "decl": { "start": { "line": 37, "column": 2 }, "end": { "line": 37, "column": 3 } },
        "loc": { "start": { "line": 37, "column": 42 }, "end": { "line": 43, "column": 3 } },
        "line": 37
      }
    },
    "branchMap": {},
    "s": {
      "0": 7,
      "1": 3,
      "2": 3,
      "3": 1,
      "4": 2,
      "5": 2,
      "6": 2,
      "7": 1,
      "8": 1,
      "9": 2,
      "10": 2,
      "11": 1
    },
    "f": { "0": 7, "1": 3, "2": 2, "3": 2 },
    "b": {},
    "_coverageSchema": "1a1c01bbd47fc00a2c39e90264f33305004495a9",
    "hash": "678f6472a3dd036a36eae2c0e6ab15f4ed9d1c79"
  },
  "C:\\Users\\Mauricio_Alcalde\\Desktop\\Designli-Challenge\\apps\\mobile\\src\\presentation\\navigation\\MainTabs.tsx": {
    "path": "C:\\Users\\Mauricio_Alcalde\\Desktop\\Designli-Challenge\\apps\\mobile\\src\\presentation\\navigation\\MainTabs.tsx",
    "statementMap": {
      "0": { "start": { "line": 6, "column": 12 }, "end": { "line": 6, "column": 38 } },
      "1": { "start": { "line": 13, "column": 2 }, "end": { "line": 26, "column": 4 } },
      "2": { "start": { "line": 34, "column": 2 }, "end": { "line": 43, "column": 4 } }
    },
    "fnMap": {
      "0": {
        "name": "PlaceholderScreen",
        "decl": { "start": { "line": 12, "column": 9 }, "end": { "line": 12, "column": 26 } },
        "loc": { "start": { "line": 12, "column": 67 }, "end": { "line": 27, "column": 1 } },
        "line": 12
      },
      "1": {
        "name": "MainTabs",
        "decl": { "start": { "line": 33, "column": 16 }, "end": { "line": 33, "column": 24 } },
        "loc": { "start": { "line": 33, "column": 27 }, "end": { "line": 44, "column": 1 } },
        "line": 33
      }
    },
    "branchMap": {},
    "s": { "0": 1, "1": 1, "2": 3 },
    "f": { "0": 1, "1": 3 },
    "b": {},
    "_coverageSchema": "1a1c01bbd47fc00a2c39e90264f33305004495a9",
    "hash": "d14fbc6adf8b77cd21cef6bb4b3556ca8e1c8797"
  },
  "C:\\Users\\Mauricio_Alcalde\\Desktop\\Designli-Challenge\\apps\\mobile\\src\\presentation\\screens\\AlertsScreen.tsx": {
    "path": "C:\\Users\\Mauricio_Alcalde\\Desktop\\Designli-Challenge\\apps\\mobile\\src\\presentation\\screens\\AlertsScreen.tsx",
    "statementMap": {
      "0": { "start": { "line": 20, "column": 2 }, "end": { "line": 20, "column": 32 } },
      "1": { "start": { "line": 24, "column": 2 }, "end": { "line": 24, "column": 51 } },
      "2": { "start": { "line": 28, "column": 30 }, "end": { "line": 28, "column": 42 } },
      "3": { "start": { "line": 29, "column": 36 }, "end": { "line": 29, "column": 48 } },
      "4": { "start": { "line": 30, "column": 36 }, "end": { "line": 30, "column": 69 } },
      "5": { "start": { "line": 31, "column": 40 }, "end": { "line": 31, "column": 65 } },
      "6": { "start": { "line": 33, "column": 16 }, "end": { "line": 33, "column": 54 } },
      "7": { "start": { "line": 33, "column": 42 }, "end": { "line": 33, "column": 53 } },
      "8": { "start": { "line": 34, "column": 20 }, "end": { "line": 34, "column": 62 } },
      "9": { "start": { "line": 34, "column": 46 }, "end": { "line": 34, "column": 61 } },
      "10": { "start": { "line": 35, "column": 23 }, "end": { "line": 35, "column": 68 } },
      "11": { "start": { "line": 35, "column": 49 }, "end": { "line": 35, "column": 67 } },
      "12": { "start": { "line": 36, "column": 22 }, "end": { "line": 36, "column": 66 } },
      "13": { "start": { "line": 36, "column": 48 }, "end": { "line": 36, "column": 65 } },
      "14": { "start": { "line": 37, "column": 16 }, "end": { "line": 37, "column": 54 } },
      "15": { "start": { "line": 37, "column": 42 }, "end": { "line": 37, "column": 53 } },
      "16": { "start": { "line": 38, "column": 22 }, "end": { "line": 38, "column": 66 } },
      "17": { "start": { "line": 38, "column": 48 }, "end": { "line": 38, "column": 65 } },
      "18": { "start": { "line": 39, "column": 23 }, "end": { "line": 39, "column": 68 } },
      "19": { "start": { "line": 39, "column": 49 }, "end": { "line": 39, "column": 67 } },
      "20": { "start": { "line": 40, "column": 15 }, "end": { "line": 40, "column": 52 } },
      "21": { "start": { "line": 40, "column": 41 }, "end": { "line": 40, "column": 51 } },
      "22": { "start": { "line": 41, "column": 17 }, "end": { "line": 41, "column": 56 } },
      "23": { "start": { "line": 41, "column": 43 }, "end": { "line": 41, "column": 55 } },
      "24": { "start": { "line": 42, "column": 17 }, "end": { "line": 42, "column": 56 } },
      "25": { "start": { "line": 42, "column": 43 }, "end": { "line": 42, "column": 55 } },
      "26": { "start": { "line": 43, "column": 17 }, "end": { "line": 43, "column": 55 } },
      "27": { "start": { "line": 43, "column": 43 }, "end": { "line": 43, "column": 54 } },
      "28": { "start": { "line": 45, "column": 22 }, "end": { "line": 57, "column": 22 } },
      "29": { "start": { "line": 46, "column": 29 }, "end": { "line": 46, "column": 56 } },
      "30": { "start": { "line": 48, "column": 4 }, "end": { "line": 56, "column": 19 } },
      "31": { "start": { "line": 50, "column": 8 }, "end": { "line": 52, "column": 9 } },
      "32": { "start": { "line": 51, "column": 10 }, "end": { "line": 51, "column": 22 } },
      "33": { "start": { "line": 54, "column": 8 }, "end": { "line": 54, "column": 110 } },
      "34": { "start": { "line": 59, "column": 2 }, "end": { "line": 61, "column": 13 } },
      "35": { "start": { "line": 60, "column": 4 }, "end": { "line": 60, "column": 16 } },
      "36": { "start": { "line": 64, "column": 36 }, "end": { "line": 64, "column": 38 } },
      "37": { "start": { "line": 66, "column": 4 }, "end": { "line": 68, "column": 5 } },
      "38": { "start": { "line": 67, "column": 6 }, "end": { "line": 67, "column": 47 } },
      "39": { "start": { "line": 70, "column": 28 }, "end": { "line": 70, "column": 45 } },
      "40": { "start": { "line": 71, "column": 4 }, "end": { "line": 73, "column": 5 } },
      "41": { "start": { "line": 72, "column": 6 }, "end": { "line": 72, "column": 55 } },
      "42": { "start": { "line": 75, "column": 4 }, "end": { "line": 75, "column": 31 } },
      "43": { "start": { "line": 76, "column": 4 }, "end": { "line": 76, "column": 48 } },
      "44": { "start": { "line": 80, "column": 4 }, "end": { "line": 82, "column": 5 } },
      "45": { "start": { "line": 81, "column": 6 }, "end": { "line": 81, "column": 13 } },
      "46": { "start": { "line": 84, "column": 22 }, "end": { "line": 84, "column": 68 } },
      "47": { "start": { "line": 86, "column": 4 }, "end": { "line": 91, "column": 5 } },
      "48": { "start": { "line": 87, "column": 6 }, "end": { "line": 87, "column": 20 } },
      "49": { "start": { "line": 88, "column": 6 }, "end": { "line": 88, "column": 23 } },
      "50": { "start": { "line": 89, "column": 6 }, "end": { "line": 89, "column": 28 } },
      "51": { "start": { "line": 90, "column": 6 }, "end": { "line": 90, "column": 25 } },
      "52": { "start": { "line": 94, "column": 2 }, "end": { "line": 101, "column": 3 } },
      "53": { "start": { "line": 95, "column": 4 }, "end": { "line": 100, "column": 6 } },
      "54": { "start": { "line": 103, "column": 2 }, "end": { "line": 117, "column": 3 } },
      "55": { "start": { "line": 104, "column": 4 }, "end": { "line": 116, "column": 6 } },
      "56": { "start": { "line": 110, "column": 25 }, "end": { "line": 110, "column": 36 } },
      "57": { "start": { "line": 119, "column": 2 }, "end": { "line": 273, "column": 4 } },
      "58": { "start": { "line": 137, "column": 12 }, "end": { "line": 137, "column": 29 } },
      "59": { "start": { "line": 138, "column": 12 }, "end": { "line": 140, "column": 13 } },
      "60": { "start": { "line": 139, "column": 14 }, "end": { "line": 139, "column": 79 } },
      "61": { "start": { "line": 139, "column": 43 }, "end": { "line": 139, "column": 76 } },
      "62": { "start": { "line": 152, "column": 14 }, "end": { "line": 165, "column": 33 } },
      "63": { "start": { "line": 156, "column": 18 }, "end": { "line": 156, "column": 42 } },
      "64": { "start": { "line": 157, "column": 18 }, "end": { "line": 159, "column": 19 } },
      "65": { "start": { "line": 158, "column": 20 }, "end": { "line": 158, "column": 85 } },
      "66": { "start": { "line": 158, "column": 49 }, "end": { "line": 158, "column": 82 } },
      "67": { "start": { "line": 174, "column": 12 }, "end": { "line": 174, "column": 32 } },
      "68": { "start": { "line": 175, "column": 12 }, "end": { "line": 177, "column": 13 } },
      "69": { "start": { "line": 176, "column": 14 }, "end": { "line": 176, "column": 82 } },
      "70": { "start": { "line": 176, "column": 43 }, "end": { "line": 176, "column": 79 } },
      "71": { "start": { "line": 190, "column": 29 }, "end": { "line": 190, "column": 48 } },
      "72": { "start": { "line": 192, "column": 12 }, "end": { "line": 206, "column": 14 } },
      "73": { "start": { "line": 196, "column": 31 }, "end": { "line": 196, "column": 50 } },
      "74": { "start": { "line": 218, "column": 25 }, "end": { "line": 218, "column": 44 } },
      "75": { "start": { "line": 238, "column": 31 }, "end": { "line": 238, "column": 60 } },
      "76": { "start": { "line": 239, "column": 32 }, "end": { "line": 239, "column": 53 } },
      "77": { "start": { "line": 241, "column": 12 }, "end": { "line": 268, "column": 14 } },
      "78": { "start": { "line": 252, "column": 35 }, "end": { "line": 252, "column": 55 } },
      "79": { "start": { "line": 276, "column": 15 }, "end": { "line": 468, "column": 2 } }
    },
    "fnMap": {
      "0": {
        "name": "formatThreshold",
        "decl": { "start": { "line": 19, "column": 9 }, "end": { "line": 19, "column": 24 } },
        "loc": { "start": { "line": 19, "column": 48 }, "end": { "line": 21, "column": 1 } },
        "line": 19
      },
      "1": {
        "name": "formatDirection",
        "decl": { "start": { "line": 23, "column": 9 }, "end": { "line": 23, "column": 24 } },
        "loc": { "start": { "line": 23, "column": 63 }, "end": { "line": 25, "column": 1 } },
        "line": 23
      },
      "2": {
        "name": "AlertsScreen",
        "decl": { "start": { "line": 27, "column": 16 }, "end": { "line": 27, "column": 28 } },
        "loc": { "start": { "line": 27, "column": 31 }, "end": { "line": 274, "column": 1 } },
        "line": 27
      },
      "3": {
        "name": "(anonymous_3)",
        "decl": { "start": { "line": 33, "column": 31 }, "end": { "line": 33, "column": 32 } },
        "loc": { "start": { "line": 33, "column": 42 }, "end": { "line": 33, "column": 53 } },
        "line": 33
      },
      "4": {
        "name": "(anonymous_4)",
        "decl": { "start": { "line": 34, "column": 35 }, "end": { "line": 34, "column": 36 } },
        "loc": { "start": { "line": 34, "column": 46 }, "end": { "line": 34, "column": 61 } },
        "line": 34
      },
      "5": {
        "name": "(anonymous_5)",
        "decl": { "start": { "line": 35, "column": 38 }, "end": { "line": 35, "column": 39 } },
        "loc": { "start": { "line": 35, "column": 49 }, "end": { "line": 35, "column": 67 } },
        "line": 35
      },
      "6": {
        "name": "(anonymous_6)",
        "decl": { "start": { "line": 36, "column": 37 }, "end": { "line": 36, "column": 38 } },
        "loc": { "start": { "line": 36, "column": 48 }, "end": { "line": 36, "column": 65 } },
        "line": 36
      },
      "7": {
        "name": "(anonymous_7)",
        "decl": { "start": { "line": 37, "column": 31 }, "end": { "line": 37, "column": 32 } },
        "loc": { "start": { "line": 37, "column": 42 }, "end": { "line": 37, "column": 53 } },
        "line": 37
      },
      "8": {
        "name": "(anonymous_8)",
        "decl": { "start": { "line": 38, "column": 37 }, "end": { "line": 38, "column": 38 } },
        "loc": { "start": { "line": 38, "column": 48 }, "end": { "line": 38, "column": 65 } },
        "line": 38
      },
      "9": {
        "name": "(anonymous_9)",
        "decl": { "start": { "line": 39, "column": 38 }, "end": { "line": 39, "column": 39 } },
        "loc": { "start": { "line": 39, "column": 49 }, "end": { "line": 39, "column": 67 } },
        "line": 39
      },
      "10": {
        "name": "(anonymous_10)",
        "decl": { "start": { "line": 40, "column": 30 }, "end": { "line": 40, "column": 31 } },
        "loc": { "start": { "line": 40, "column": 41 }, "end": { "line": 40, "column": 51 } },
        "line": 40
      },
      "11": {
        "name": "(anonymous_11)",
        "decl": { "start": { "line": 41, "column": 32 }, "end": { "line": 41, "column": 33 } },
        "loc": { "start": { "line": 41, "column": 43 }, "end": { "line": 41, "column": 55 } },
        "line": 41
      },
      "12": {
        "name": "(anonymous_12)",
        "decl": { "start": { "line": 42, "column": 32 }, "end": { "line": 42, "column": 33 } },
        "loc": { "start": { "line": 42, "column": 43 }, "end": { "line": 42, "column": 55 } },
        "line": 42
      },
      "13": {
        "name": "(anonymous_13)",
        "decl": { "start": { "line": 43, "column": 32 }, "end": { "line": 43, "column": 33 } },
        "loc": { "start": { "line": 43, "column": 43 }, "end": { "line": 43, "column": 54 } },
        "line": 43
      },
      "14": {
        "name": "(anonymous_14)",
        "decl": { "start": { "line": 45, "column": 30 }, "end": { "line": 45, "column": 31 } },
        "loc": { "start": { "line": 45, "column": 36 }, "end": { "line": 57, "column": 3 } },
        "line": 45
      },
      "15": {
        "name": "(anonymous_15)",
        "decl": { "start": { "line": 49, "column": 14 }, "end": { "line": 49, "column": 15 } },
        "loc": { "start": { "line": 49, "column": 25 }, "end": { "line": 55, "column": 7 } },
        "line": 49
      },
      "16": {
        "name": "(anonymous_16)",
        "decl": { "start": { "line": 59, "column": 12 }, "end": { "line": 59, "column": 13 } },
        "loc": { "start": { "line": 59, "column": 18 }, "end": { "line": 61, "column": 3 } },
        "line": 59
      },
      "17": {
        "name": "validate",
        "decl": { "start": { "line": 63, "column": 11 }, "end": { "line": 63, "column": 19 } },
        "loc": { "start": { "line": 63, "column": 31 }, "end": { "line": 77, "column": 3 } },
        "line": 63
      },
      "18": {
        "name": "handleCreate",
        "decl": { "start": { "line": 79, "column": 17 }, "end": { "line": 79, "column": 29 } },
        "loc": { "start": { "line": 79, "column": 32 }, "end": { "line": 92, "column": 3 } },
        "line": 79
      },
      "19": {
        "name": "(anonymous_19)",
        "decl": { "start": { "line": 110, "column": 19 }, "end": { "line": 110, "column": 20 } },
        "loc": { "start": { "line": 110, "column": 25 }, "end": { "line": 110, "column": 36 } },
        "line": 110
      },
      "20": {
        "name": "(anonymous_20)",
        "decl": { "start": { "line": 136, "column": 24 }, "end": { "line": 136, "column": 25 } },
        "loc": { "start": { "line": 136, "column": 35 }, "end": { "line": 141, "column": 11 } },
        "line": 136
      },
      "21": {
        "name": "(anonymous_21)",
        "decl": { "start": { "line": 139, "column": 29 }, "end": { "line": 139, "column": 30 } },
        "loc": { "start": { "line": 139, "column": 43 }, "end": { "line": 139, "column": 76 } },
        "line": 139
      },
      "22": {
        "name": "(anonymous_22)",
        "decl": { "start": { "line": 151, "column": 29 }, "end": { "line": 151, "column": 30 } },
        "loc": { "start": { "line": 152, "column": 14 }, "end": { "line": 165, "column": 33 } },
        "line": 152
      },
      "23": {
        "name": "(anonymous_23)",
        "decl": { "start": { "line": 155, "column": 25 }, "end": { "line": 155, "column": 26 } },
        "loc": { "start": { "line": 155, "column": 31 }, "end": { "line": 160, "column": 17 } },
        "line": 155
      },
      "24": {
        "name": "(anonymous_24)",
        "decl": { "start": { "line": 158, "column": 35 }, "end": { "line": 158, "column": 36 } },
        "loc": { "start": { "line": 158, "column": 49 }, "end": { "line": 158, "column": 82 } },
        "line": 158
      },
      "25": {
        "name": "(anonymous_25)",
        "decl": { "start": { "line": 173, "column": 24 }, "end": { "line": 173, "column": 25 } },
        "loc": { "start": { "line": 173, "column": 35 }, "end": { "line": 178, "column": 11 } },
        "line": 173
      },
      "26": {
        "name": "(anonymous_26)",
        "decl": { "start": { "line": 176, "column": 29 }, "end": { "line": 176, "column": 30 } },
        "loc": { "start": { "line": 176, "column": 43 }, "end": { "line": 176, "column": 79 } },
        "line": 176
      },
      "27": {
        "name": "(anonymous_27)",
        "decl": { "start": { "line": 189, "column": 45 }, "end": { "line": 189, "column": 46 } },
        "loc": { "start": { "line": 189, "column": 56 }, "end": { "line": 207, "column": 11 } },
        "line": 189
      },
      "28": {
        "name": "(anonymous_28)",
        "decl": { "start": { "line": 196, "column": 25 }, "end": { "line": 196, "column": 26 } },
        "loc": { "start": { "line": 196, "column": 31 }, "end": { "line": 196, "column": 50 } },
        "line": 196
      },
      "29": {
        "name": "(anonymous_29)",
        "decl": { "start": { "line": 218, "column": 19 }, "end": { "line": 218, "column": 20 } },
        "loc": { "start": { "line": 218, "column": 25 }, "end": { "line": 218, "column": 44 } },
        "line": 218
      },
      "30": {
        "name": "(anonymous_30)",
        "decl": { "start": { "line": 237, "column": 21 }, "end": { "line": 237, "column": 22 } },
        "loc": { "start": { "line": 237, "column": 31 }, "end": { "line": 269, "column": 11 } },
        "line": 237
      },
      "31": {
        "name": "(anonymous_31)",
        "decl": { "start": { "line": 252, "column": 29 }, "end": { "line": 252, "column": 30 } },
        "loc": { "start": { "line": 252, "column": 35 }, "end": { "line": 252, "column": 55 } },
        "line": 252
      }
    },
    "branchMap": {
      "0": {
        "loc": { "start": { "line": 24, "column": 9 }, "end": { "line": 24, "column": 50 } },
        "type": "cond-expr",
        "locations": [
          { "start": { "line": 24, "column": 33 }, "end": { "line": 24, "column": 40 } },
          { "start": { "line": 24, "column": 43 }, "end": { "line": 24, "column": 50 } }
        ],
        "line": 24
      },
      "1": {
        "loc": { "start": { "line": 50, "column": 8 }, "end": { "line": 52, "column": 9 } },
        "type": "if",
        "locations": [
          { "start": { "line": 50, "column": 8 }, "end": { "line": 52, "column": 9 } },
          { "start": {}, "end": {} }
        ],
        "line": 50
      },
      "2": {
        "loc": { "start": { "line": 54, "column": 15 }, "end": { "line": 54, "column": 109 } },
        "type": "binary-expr",
        "locations": [
          { "start": { "line": 54, "column": 15 }, "end": { "line": 54, "column": 54 } },
          { "start": { "line": 54, "column": 58 }, "end": { "line": 54, "column": 109 } }
        ],
        "line": 54
      },
      "3": {
        "loc": { "start": { "line": 66, "column": 4 }, "end": { "line": 68, "column": 5 } },
        "type": "if",
        "locations": [
          { "start": { "line": 66, "column": 4 }, "end": { "line": 68, "column": 5 } },
          { "start": {}, "end": {} }
        ],
        "line": 66
      },
      "4": {
        "loc": { "start": { "line": 71, "column": 4 }, "end": { "line": 73, "column": 5 } },
        "type": "if",
        "locations": [
          { "start": { "line": 71, "column": 4 }, "end": { "line": 73, "column": 5 } },
          { "start": {}, "end": {} }
        ],
        "line": 71
      },
      "5": {
        "loc": { "start": { "line": 71, "column": 8 }, "end": { "line": 71, "column": 82 } },
        "type": "binary-expr",
        "locations": [
          { "start": { "line": 71, "column": 8 }, "end": { "line": 71, "column": 25 } },
          { "start": { "line": 71, "column": 29 }, "end": { "line": 71, "column": 58 } },
          { "start": { "line": 71, "column": 62 }, "end": { "line": 71, "column": 82 } }
        ],
        "line": 71
      },
      "6": {
        "loc": { "start": { "line": 80, "column": 4 }, "end": { "line": 82, "column": 5 } },
        "type": "if",
        "locations": [
          { "start": { "line": 80, "column": 4 }, "end": { "line": 82, "column": 5 } },
          { "start": {}, "end": {} }
        ],
        "line": 80
      },
      "7": {
        "loc": { "start": { "line": 86, "column": 4 }, "end": { "line": 91, "column": 5 } },
        "type": "if",
        "locations": [
          { "start": { "line": 86, "column": 4 }, "end": { "line": 91, "column": 5 } },
          { "start": {}, "end": {} }
        ],
        "line": 86
      },
      "8": {
        "loc": { "start": { "line": 94, "column": 2 }, "end": { "line": 101, "column": 3 } },
        "type": "if",
        "locations": [
          { "start": { "line": 94, "column": 2 }, "end": { "line": 101, "column": 3 } },
          { "start": {}, "end": {} }
        ],
        "line": 94
      },
      "9": {
        "loc": { "start": { "line": 94, "column": 6 }, "end": { "line": 94, "column": 37 } },
        "type": "binary-expr",
        "locations": [
          { "start": { "line": 94, "column": 6 }, "end": { "line": 94, "column": 15 } },
          { "start": { "line": 94, "column": 19 }, "end": { "line": 94, "column": 37 } }
        ],
        "line": 94
      },
      "10": {
        "loc": { "start": { "line": 103, "column": 2 }, "end": { "line": 117, "column": 3 } },
        "type": "if",
        "locations": [
          { "start": { "line": 103, "column": 2 }, "end": { "line": 117, "column": 3 } },
          { "start": {}, "end": {} }
        ],
        "line": 103
      },
      "11": {
        "loc": { "start": { "line": 103, "column": 6 }, "end": { "line": 103, "column": 33 } },
        "type": "binary-expr",
        "locations": [
          { "start": { "line": 103, "column": 6 }, "end": { "line": 103, "column": 11 } },
          { "start": { "line": 103, "column": 15 }, "end": { "line": 103, "column": 33 } }
        ],
        "line": 103
      },
      "12": {
        "loc": { "start": { "line": 123, "column": 8 }, "end": { "line": 123, "column": 52 } },
        "type": "binary-expr",
        "locations": [
          { "start": { "line": 123, "column": 8 }, "end": { "line": 123, "column": 26 } },
          { "start": { "line": 123, "column": 30 }, "end": { "line": 123, "column": 52 } }
        ],
        "line": 123
      },
      "13": {
        "loc": { "start": { "line": 138, "column": 12 }, "end": { "line": 140, "column": 13 } },
        "type": "if",
        "locations": [
          { "start": { "line": 138, "column": 12 }, "end": { "line": 140, "column": 13 } },
          { "start": {}, "end": {} }
        ],
        "line": 138
      },
      "14": {
        "loc": { "start": { "line": 143, "column": 32 }, "end": { "line": 143, "column": 71 } },
        "type": "binary-expr",
        "locations": [
          { "start": { "line": 143, "column": 32 }, "end": { "line": 143, "column": 50 } },
          { "start": { "line": 143, "column": 54 }, "end": { "line": 143, "column": 71 } }
        ],
        "line": 143
      },
      "15": {
        "loc": { "start": { "line": 147, "column": 9 }, "end": { "line": 147, "column": 96 } },
        "type": "cond-expr",
        "locations": [
          { "start": { "line": 147, "column": 30 }, "end": { "line": 147, "column": 89 } },
          { "start": { "line": 147, "column": 92 }, "end": { "line": 147, "column": 96 } }
        ],
        "line": 147
      },
      "16": {
        "loc": { "start": { "line": 149, "column": 9 }, "end": { "line": 168, "column": 16 } },
        "type": "cond-expr",
        "locations": [
          { "start": { "line": 150, "column": 10 }, "end": { "line": 167, "column": 17 } },
          { "start": { "line": 168, "column": 12 }, "end": { "line": 168, "column": 16 } }
        ],
        "line": 149
      },
      "17": {
        "loc": { "start": { "line": 157, "column": 18 }, "end": { "line": 159, "column": 19 } },
        "type": "if",
        "locations": [
          { "start": { "line": 157, "column": 18 }, "end": { "line": 159, "column": 19 } },
          { "start": {}, "end": {} }
        ],
        "line": 157
      },
      "18": {
        "loc": { "start": { "line": 175, "column": 12 }, "end": { "line": 177, "column": 13 } },
        "type": "if",
        "locations": [
          { "start": { "line": 175, "column": 12 }, "end": { "line": 177, "column": 13 } },
          { "start": {}, "end": {} }
        ],
        "line": 175
      },
      "19": {
        "loc": { "start": { "line": 180, "column": 32 }, "end": { "line": 180, "column": 74 } },
        "type": "binary-expr",
        "locations": [
          { "start": { "line": 180, "column": 32 }, "end": { "line": 180, "column": 53 } },
          { "start": { "line": 180, "column": 57 }, "end": { "line": 180, "column": 74 } }
        ],
        "line": 180
      },
      "20": {
        "loc": { "start": { "line": 184, "column": 9 }, "end": { "line": 186, "column": 16 } },
        "type": "cond-expr",
        "locations": [
          { "start": { "line": 185, "column": 10 }, "end": { "line": 185, "column": 72 } },
          { "start": { "line": 186, "column": 12 }, "end": { "line": 186, "column": 16 } }
        ],
        "line": 184
      },
      "21": {
        "loc": { "start": { "line": 197, "column": 48 }, "end": { "line": 197, "column": 88 } },
        "type": "binary-expr",
        "locations": [
          { "start": { "line": 197, "column": 48 }, "end": { "line": 197, "column": 56 } },
          { "start": { "line": 197, "column": 60 }, "end": { "line": 197, "column": 88 } }
        ],
        "line": 197
      },
      "22": {
        "loc": { "start": { "line": 201, "column": 54 }, "end": { "line": 201, "column": 98 } },
        "type": "binary-expr",
        "locations": [
          { "start": { "line": 201, "column": 54 }, "end": { "line": 201, "column": 62 } },
          { "start": { "line": 201, "column": 66 }, "end": { "line": 201, "column": 98 } }
        ],
        "line": 201
      },
      "23": {
        "loc": { "start": { "line": 210, "column": 9 }, "end": { "line": 214, "column": 16 } },
        "type": "cond-expr",
        "locations": [
          { "start": { "line": 211, "column": 10 }, "end": { "line": 213, "column": 17 } },
          { "start": { "line": 214, "column": 12 }, "end": { "line": 214, "column": 16 } }
        ],
        "line": 210
      },
      "24": {
        "loc": { "start": { "line": 219, "column": 39 }, "end": { "line": 219, "column": 82 } },
        "type": "binary-expr",
        "locations": [
          { "start": { "line": 219, "column": 39 }, "end": { "line": 219, "column": 51 } },
          { "start": { "line": 219, "column": 55 }, "end": { "line": 219, "column": 82 } }
        ],
        "line": 219
      },
      "25": {
        "loc": { "start": { "line": 222, "column": 11 }, "end": { "line": 226, "column": 11 } },
        "type": "cond-expr",
        "locations": [
          { "start": { "line": 223, "column": 12 }, "end": { "line": 223, "column": 49 } },
          { "start": { "line": 225, "column": 12 }, "end": { "line": 225, "column": 69 } }
        ],
        "line": 222
      },
      "26": {
        "loc": { "start": { "line": 230, "column": 7 }, "end": { "line": 271, "column": 7 } },
        "type": "cond-expr",
        "locations": [
          { "start": { "line": 231, "column": 8 }, "end": { "line": 234, "column": 15 } },
          { "start": { "line": 236, "column": 8 }, "end": { "line": 270, "column": 15 } }
        ],
        "line": 230
      },
      "27": {
        "loc": { "start": { "line": 253, "column": 49 }, "end": { "line": 253, "column": 90 } },
        "type": "binary-expr",
        "locations": [
          { "start": { "line": 253, "column": 49 }, "end": { "line": 253, "column": 59 } },
          { "start": { "line": 253, "column": 63 }, "end": { "line": 253, "column": 90 } }
        ],
        "line": 253
      },
      "28": {
        "loc": { "start": { "line": 257, "column": 23 }, "end": { "line": 257, "column": 60 } },
        "type": "cond-expr",
        "locations": [
          { "start": { "line": 257, "column": 36 }, "end": { "line": 257, "column": 49 } },
          { "start": { "line": 257, "column": 52 }, "end": { "line": 257, "column": 60 } }
        ],
        "line": 257
      },
      "29": {
        "loc": { "start": { "line": 262, "column": 17 }, "end": { "line": 266, "column": 24 } },
        "type": "cond-expr",
        "locations": [
          { "start": { "line": 263, "column": 18 }, "end": { "line": 265, "column": 25 } },
          { "start": { "line": 266, "column": 20 }, "end": { "line": 266, "column": 24 } }
        ],
        "line": 262
      }
    },
    "s": {
      "0": 5,
      "1": 69,
      "2": 34,
      "3": 34,
      "4": 34,
      "5": 34,
      "6": 34,
      "7": 34,
      "8": 34,
      "9": 34,
      "10": 34,
      "11": 34,
      "12": 34,
      "13": 34,
      "14": 34,
      "15": 34,
      "16": 34,
      "17": 34,
      "18": 34,
      "19": 34,
      "20": 34,
      "21": 34,
      "22": 34,
      "23": 34,
      "24": 34,
      "25": 34,
      "26": 34,
      "27": 34,
      "28": 34,
      "29": 20,
      "30": 20,
      "31": 5,
      "32": 3,
      "33": 2,
      "34": 34,
      "35": 14,
      "36": 4,
      "37": 4,
      "38": 1,
      "39": 4,
      "40": 4,
      "41": 1,
      "42": 4,
      "43": 4,
      "44": 4,
      "45": 1,
      "46": 3,
      "47": 3,
      "48": 2,
      "49": 2,
      "50": 2,
      "51": 2,
      "52": 34,
      "53": 1,
      "54": 33,
      "55": 1,
      "56": 1,
      "57": 32,
      "58": 3,
      "59": 3,
      "60": 0,
      "61": 0,
      "62": 4,
      "63": 1,
      "64": 1,
      "65": 0,
      "66": 0,
      "67": 3,
      "68": 3,
      "69": 0,
      "70": 0,
      "71": 64,
      "72": 64,
      "73": 1,
      "74": 4,
      "75": 5,
      "76": 5,
      "77": 5,
      "78": 1,
      "79": 2
    },
    "f": {
      "0": 5,
      "1": 69,
      "2": 34,
      "3": 34,
      "4": 34,
      "5": 34,
      "6": 34,
      "7": 34,
      "8": 34,
      "9": 34,
      "10": 34,
      "11": 34,
      "12": 34,
      "13": 34,
      "14": 20,
      "15": 5,
      "16": 14,
      "17": 4,
      "18": 4,
      "19": 1,
      "20": 3,
      "21": 0,
      "22": 4,
      "23": 1,
      "24": 0,
      "25": 3,
      "26": 0,
      "27": 64,
      "28": 1,
      "29": 4,
      "30": 5,
      "31": 1
    },
    "b": {
      "0": [35, 34],
      "1": [3, 2],
      "2": [2, 1],
      "3": [1, 3],
      "4": [1, 3],
      "5": [4, 3, 3],
      "6": [1, 3],
      "7": [2, 1],
      "8": [1, 33],
      "9": [34, 1],
      "10": [1, 32],
      "11": [33, 1],
      "12": [32, 27],
      "13": [0, 3],
      "14": [32, 1],
      "15": [1, 31],
      "16": [3, 29],
      "17": [0, 1],
      "18": [0, 3],
      "19": [32, 1],
      "20": [1, 31],
      "21": [64, 32],
      "22": [64, 32],
      "23": [4, 28],
      "24": [32, 1],
      "25": [1, 31],
      "26": [27, 5],
      "27": [5, 1],
      "28": [1, 4],
      "29": [1, 4]
    },
    "_coverageSchema": "1a1c01bbd47fc00a2c39e90264f33305004495a9",
    "hash": "bb904586a07c1d451bf7e12fffd3b85cedd3bdb4"
  }
}
