TN:
SF:src\application\alerts.store.ts
FN:30,createAlertsStore
FN:31,(anonymous_1)
FN:37,(anonymous_2)
FN:38,(anonymous_3)
FN:44,(anonymous_4)
FN:47,(anonymous_5)
FN:53,(anonymous_6)
FN:62,(anonymous_7)
FN:74,(anonymous_8)
FN:84,(anonymous_9)
FN:103,(anonymous_10)
FN:108,(anonymous_11)
FN:115,(anonymous_12)
FN:117,(anonymous_13)
FN:118,(anonymous_14)
FN:125,(anonymous_15)
FN:126,(anonymous_16)
FNF:17
FNH:17
FNDA:9,createAlertsStore
FNDA:3,(anonymous_1)
FNDA:3,(anonymous_2)
FNDA:3,(anonymous_3)
FNDA:2,(anonymous_4)
FNDA:4,(anonymous_5)
FNDA:9,(anonymous_6)
FNDA:8,(anonymous_7)
FNDA:5,(anonymous_8)
FNDA:3,(anonymous_9)
FNDA:2,(anonymous_10)
FNDA:2,(anonymous_11)
FNDA:1,(anonymous_12)
FNDA:2,(anonymous_13)
FNDA:1,(anonymous_14)
FNDA:1,(anonymous_15)
FNDA:1,(anonymous_16)
DA:31,9
DA:32,3
DA:33,3
DA:34,3
DA:37,9
DA:38,3
DA:40,3
DA:41,2
DA:44,2
DA:47,9
DA:53,9
DA:63,8
DA:65,8
DA:66,8
DA:67,7
DA:69,1
DA:70,1
DA:75,5
DA:76,1
DA:79,4
DA:81,4
DA:82,4
DA:84,3
DA:90,3
DA:92,1
DA:94,1
DA:99,1
DA:104,2
DA:105,0
DA:108,2
DA:113,2
DA:114,2
DA:115,1
DA:116,1
DA:117,2
DA:118,1
DA:123,1
DA:125,1
DA:126,1
LF:39
LH:38
BRDA:40,0,0,2
BRDA:40,0,1,1
BRDA:44,1,0,1
BRDA:44,1,1,1
BRDA:75,2,0,1
BRDA:75,2,1,4
BRDA:104,3,0,0
BRDA:104,3,1,2
BRF:8
BRH:7
end_of_record
TN:
SF:src\data\alerts.api.ts
FN:11,(anonymous_0)
FN:15,(anonymous_1)
FN:24,(anonymous_2)
FN:37,(anonymous_3)
FNF:4
FNH:4
FNDA:7,(anonymous_0)
FNDA:3,(anonymous_1)
FNDA:2,(anonymous_2)
FNDA:2,(anonymous_3)
DA:12,7
DA:16,3
DA:17,3
DA:18,1
DA:20,2
DA:25,2
DA:26,2
DA:31,1
DA:33,1
DA:38,2
DA:39,2
DA:41,1
LF:12
LH:12
BRF:0
BRH:0
end_of_record
TN:
SF:src\presentation\navigation\MainTabs.tsx
FN:12,PlaceholderScreen
FN:33,MainTabs
FNF:2
FNH:2
FNDA:1,PlaceholderScreen
FNDA:3,MainTabs
DA:6,1
DA:13,1
DA:34,3
LF:3
LH:3
BRF:0
BRH:0
end_of_record
TN:
SF:src\presentation\screens\AlertsScreen.tsx
FN:19,formatThreshold
FN:23,formatDirection
FN:27,AlertsScreen
FN:33,(anonymous_3)
FN:34,(anonymous_4)
FN:35,(anonymous_5)
FN:36,(anonymous_6)
FN:37,(anonymous_7)
FN:38,(anonymous_8)
FN:39,(anonymous_9)
FN:40,(anonymous_10)
FN:41,(anonymous_11)
FN:42,(anonymous_12)
FN:43,(anonymous_13)
FN:45,(anonymous_14)
FN:49,(anonymous_15)
FN:59,(anonymous_16)
FN:63,validate
FN:79,handleCreate
FN:110,(anonymous_19)
FN:136,(anonymous_20)
FN:139,(anonymous_21)
FN:151,(anonymous_22)
FN:155,(anonymous_23)
FN:158,(anonymous_24)
FN:173,(anonymous_25)
FN:176,(anonymous_26)
FN:189,(anonymous_27)
FN:196,(anonymous_28)
FN:218,(anonymous_29)
FN:237,(anonymous_30)
FN:252,(anonymous_31)
FNF:32
FNH:29
FNDA:5,formatThreshold
FNDA:69,formatDirection
FNDA:34,AlertsScreen
FNDA:34,(anonymous_3)
FNDA:34,(anonymous_4)
FNDA:34,(anonymous_5)
FNDA:34,(anonymous_6)
FNDA:34,(anonymous_7)
FNDA:34,(anonymous_8)
FNDA:34,(anonymous_9)
FNDA:34,(anonymous_10)
FNDA:34,(anonymous_11)
FNDA:34,(anonymous_12)
FNDA:34,(anonymous_13)
FNDA:20,(anonymous_14)
FNDA:5,(anonymous_15)
FNDA:14,(anonymous_16)
FNDA:4,validate
FNDA:4,handleCreate
FNDA:1,(anonymous_19)
FNDA:3,(anonymous_20)
FNDA:0,(anonymous_21)
FNDA:4,(anonymous_22)
FNDA:1,(anonymous_23)
FNDA:0,(anonymous_24)
FNDA:3,(anonymous_25)
FNDA:0,(anonymous_26)
FNDA:64,(anonymous_27)
FNDA:1,(anonymous_28)
FNDA:4,(anonymous_29)
FNDA:5,(anonymous_30)
FNDA:1,(anonymous_31)
DA:20,5
DA:24,69
DA:28,34
DA:29,34
DA:30,34
DA:31,34
DA:33,34
DA:34,34
DA:35,34
DA:36,34
DA:37,34
DA:38,34
DA:39,34
DA:40,34
DA:41,34
DA:42,34
DA:43,34
DA:45,34
DA:46,20
DA:48,20
DA:50,5
DA:51,3
DA:54,2
DA:59,34
DA:60,14
DA:64,4
DA:66,4
DA:67,1
DA:70,4
DA:71,4
DA:72,1
DA:75,4
DA:76,4
DA:80,4
DA:81,1
DA:84,3
DA:86,3
DA:87,2
DA:88,2
DA:89,2
DA:90,2
DA:94,34
DA:95,1
DA:103,33
DA:104,1
DA:110,1
DA:119,32
DA:137,3
DA:138,3
DA:139,0
DA:152,4
DA:156,1
DA:157,1
DA:158,0
DA:174,3
DA:175,3
DA:176,0
DA:190,64
DA:192,64
DA:196,1
DA:218,4
DA:238,5
DA:239,5
DA:241,5
DA:252,1
DA:276,2
LF:66
LH:63
BRDA:24,0,0,35
BRDA:24,0,1,34
BRDA:50,1,0,3
BRDA:50,1,1,2
BRDA:54,2,0,2
BRDA:54,2,1,1
BRDA:66,3,0,1
BRDA:66,3,1,3
BRDA:71,4,0,1
BRDA:71,4,1,3
BRDA:71,5,0,4
BRDA:71,5,1,3
BRDA:71,5,2,3
BRDA:80,6,0,1
BRDA:80,6,1,3
BRDA:86,7,0,2
BRDA:86,7,1,1
BRDA:94,8,0,1
BRDA:94,8,1,33
BRDA:94,9,0,34
BRDA:94,9,1,1
BRDA:103,10,0,1
BRDA:103,10,1,32
BRDA:103,11,0,33
BRDA:103,11,1,1
BRDA:123,12,0,32
BRDA:123,12,1,27
BRDA:138,13,0,0
BRDA:138,13,1,3
BRDA:143,14,0,32
BRDA:143,14,1,1
BRDA:147,15,0,1
BRDA:147,15,1,31
BRDA:149,16,0,3
BRDA:149,16,1,29
BRDA:157,17,0,0
BRDA:157,17,1,1
BRDA:175,18,0,0
BRDA:175,18,1,3
BRDA:180,19,0,32
BRDA:180,19,1,1
BRDA:184,20,0,1
BRDA:184,20,1,31
BRDA:197,21,0,64
BRDA:197,21,1,32
BRDA:201,22,0,64
BRDA:201,22,1,32
BRDA:210,23,0,4
BRDA:210,23,1,28
BRDA:219,24,0,32
BRDA:219,24,1,1
BRDA:222,25,0,1
BRDA:222,25,1,31
BRDA:230,26,0,27
BRDA:230,26,1,5
BRDA:253,27,0,5
BRDA:253,27,1,1
BRDA:257,28,0,1
BRDA:257,28,1,4
BRDA:262,29,0,1
BRDA:262,29,1,4
BRF:61
BRH:58
end_of_record
